c:\users\ixrplatform\desktop\vs2019\cudaruntime1\x64\debug\vc142.pdb
c:\users\ixrplatform\desktop\vs2019\cudaruntime1\x64\debug\vc142.idb
c:\users\ixrplatform\desktop\vs2019\cudaruntime1\x64\debug\imagecu.obj
x64\debug\image.cu.obj
c:\users\ixrplatform\desktop\vs2019\cudaruntime1\x64\debug\image.cu.cache
c:\users\ixrplatform\desktop\vs2019\cudaruntime1\x64\debug\image.cu.obj
c:\users\ixrplatform\desktop\vs2019\cudaruntime1\x64\debug\cudaruntime1.exp
c:\users\ixrplatform\desktop\vs2019\cudaruntime1\x64\debug\cudaruntime1.pdb
c:\users\ixrplatform\desktop\vs2019\cudaruntime1\x64\debug\cudaruntime1.tlog\cl.command.1.tlog
c:\users\ixrplatform\desktop\vs2019\cudaruntime1\x64\debug\cudaruntime1.tlog\cl.read.1.tlog
c:\users\ixrplatform\desktop\vs2019\cudaruntime1\x64\debug\cudaruntime1.tlog\cl.write.1.tlog
c:\users\ixrplatform\desktop\vs2019\cudaruntime1\x64\debug\cudaruntime1.tlog\cudacompile.read.1u.tlog
c:\users\ixrplatform\desktop\vs2019\cudaruntime1\x64\debug\cudaruntime1.tlog\cudacompile.write.1u.tlog
c:\users\ixrplatform\desktop\vs2019\cudaruntime1\x64\debug\cudaruntime1.tlog\link-cvtres.read.1.tlog
c:\users\ixrplatform\desktop\vs2019\cudaruntime1\x64\debug\cudaruntime1.tlog\link-cvtres.write.1.tlog
c:\users\ixrplatform\desktop\vs2019\cudaruntime1\x64\debug\cudaruntime1.tlog\link-rc.read.1.tlog
c:\users\ixrplatform\desktop\vs2019\cudaruntime1\x64\debug\cudaruntime1.tlog\link-rc.write.1.tlog
c:\users\ixrplatform\desktop\vs2019\cudaruntime1\x64\debug\cudaruntime1.tlog\link.command.1.tlog
c:\users\ixrplatform\desktop\vs2019\cudaruntime1\x64\debug\cudaruntime1.tlog\link.read.1.tlog
c:\users\ixrplatform\desktop\vs2019\cudaruntime1\x64\debug\cudaruntime1.tlog\link.write.1.tlog
